<?xml version="1.0" encoding="UTF-8"?>
<testsuite name="PingPongTest" tests="3" skipped="0" failures="0" errors="0" timestamp="2015-08-10T22:29:35" hostname="epicodus-110.local" time="0.002">
  <properties/>
  <testcase name="isListItem_divisibleByFifteen_returnsPingPong" classname="PingPongTest" time="0.002"/>
  <testcase name="isListItem_divisibleByFive_returnsPong" classname="PingPongTest" time="0.0"/>
  <testcase name="isListItem_divisibleByThree_returnsPing" classname="PingPongTest" time="0.0"/>
  <system-out><![CDATA[]]></system-out>
  <system-err><![CDATA[]]></system-err>
</testsuite>
